Using SEPOLIA_RPC_URL=https://eth-sepolia.g.alchemy.com/v2/h9iWxMtfrvNHrD4L1VL6pjv3GNnPWpKz
Using OWNER_ADDRESS=0xD9e210961cEdB706fC68C4ba98A845e7c98e3430
Using BUYER_ADDRESS=0xf1F0d1072b23275FF616FF0C2Db67cA659aD5F15
Using TRADER_ADDRESS=0xD27450EF7D7A21B8Bf7b4F21270329b5A6e843d2
"Loading addresses from .env_addresses..."
./approve_tokens.sh
--- Running approve_tokens.sh ---
Loading contract addresses from .env_addresses...
Buyer (0xf1F0d1072b23275FF616FF0C2Db67cA659aD5F15) approving CCNFT (0xA070C9cCCF2fda36b2bfe1903a7705aBe2A18399) to spend BUSD tokens...

blockHash            0x79251b9410eb38ee8c03d22f5485222cc063629079522177d7fd43c614ef979c
blockNumber          8657834
contractAddress
cumulativeGasUsed    16268000
effectiveGasPrice    1876831
from                 0xf1F0d1072b23275FF616FF0C2Db67cA659aD5F15
gasUsed              46900
logs                 [{"address":"0x49d5a52d9c5301b23060b9de151654d2cb0f125e","topics":["0x8c5be1e5ebec7d5bd14f71427d1e84f3dd0314c0f7b2291e5b200ac8c7c3b925","0x000000000000000000000000f1f0d1072b23275ff616ff0c2db67ca659ad5f15","0x000000000000000000000000a070c9cccf2fda36b2bfe1903a7705abe2a18399"],"data":"0x0000000000000000000000000000000000000000033b2e3c9fd0803ce8000000","blockHash":"0x79251b9410eb38ee8c03d22f5485222cc063629079522177d7fd40000000000000000033b2e3c9fd0803ce8000000","blockHash":"0x79251b9410eb38ee8c03d22f5485222cc063629079522177d7fd43c614ef979c","blockNumber":"0x841baa","blockTimestamp":"0x6861ca98","transactionHash":"0x6afa06355cb3a34e84d023c614ef979c","blockNumber":"0x841baa","blockTimestamp":"0x6861ca98","transactionHash":"0x6afa06355cb3a34e84d0268b58f02c58ab655b8181e30113f4e2f926d75ad76f","transactionIndex":"0xa9","logIndex":"0xee","removed":false}]    
68b58f02c58ab655b8181e30113f4e2f926d75ad76f","transactionIndex":"0xa9","logIndex":"0xee","removed":false}]    
logsBloom            0x0000000000000000000000000000000000000000000000000000000000000000000000000000000000000000000100000000000000000000000000000020000000000000000000000000000000000000000000000000000000000000000000000000000000000800000000000000000000000000000001002000000010000000000000000000000020000000000000000000000000000000000logsBloom            0x000000000000000000000000000000000000000000000000000000000000000000000000000000000000000000010000000000000000000000000000002000000000000000000000000000000000000000000000000000000000000000000000000000000000080000000000000000000000000000000100200000001000000000000000000000002000000000000000000000000000000000000001000000000000000000000000000000200000000000000000000000000000000000000000000000000000000000000000000000000000000008000000000000000000000000000000010020000000100000000000000000000000200000000000000000000000000000000000000000000000020000000000000000000000000000000000000000000000000000000000000000000000000000000000000000000000000000000000000000000000000000000010000010000000000000000100010000000000000000000000000000000000
0000000000000020000000000000000000000000000000000000000000000000000000000000000000000000000000000000000000000000000000000000000000000000000000010000010000000000000000100010000000000000000000000000000000000
00000000000000000000000000000000010000010000000000000000100010000000000000000000000000000000000
root
root
status               1 (success)
transactionHash      0x6afa06355cb3a34e84d0268b58f02c58ab655b8181e30113f4e2f926d75ad76f
transactionIndex     169
type                 2
blobGasPrice
blobGasUsed
to                   0x49D5a52D9c5301b23060B9de151654d2cB0F125e
Approval complete.
--- approve_tokens.sh finished ---
"Approval complete."