Using SEPOLIA_RPC_URL=https://eth-sepolia.g.alchemy.com/v2/h9iWxMtfrvNHrD4L1VL6pjv3GNnPWpKz
Using OWNER_ADDRESS=0xD9e210961cEdB706fC68C4ba98A845e7c98e3430
Using BUYER_ADDRESS=0xf1F0d1072b23275FF616FF0C2Db67cA659aD5F15
Using TRADER_ADDRESS=0xD27450EF7D7A21B8Bf7b4F21270329b5A6e843d2
"Loading addresses from .env_addresses..."
./approve_tokens_trader.sh
--- Running approve_tokens.sh ---
Loading contract addresses from .env_addresses...
Buyer (0xD27450EF7D7A21B8Bf7b4F21270329b5A6e843d2) approving CCNFT (0xA070C9cCCF2fda36b2bfe1903a7705aBe2A18399) to spend BUSD tokens...

blockHash            0xb260c856775fa22f6d723bed409a9fedd69bc073ec3bba039766f2f17459747b
blockNumber          8671862
contractAddress
cumulativeGasUsed    21285530
effectiveGasPrice    3464241843
from                 0xD27450EF7D7A21B8Bf7b4F21270329b5A6e843d2
gasUsed              29800
logs                 [{"address":"0x49d5a52d9c5301b23060b9de151654d2cb0f125e","topics":["0x8c5be1e5ebec7d5bd14f71427d1e84f3dd0314c0f7b2291e5b200ac8c7c3b925","0x000000000000000000000000d27450ef7d7a21b8bf7b4f21270329b5a6e843d2","0x000000000000000000000000a070c9cccf2fda36b2bfe1903a7705abe2a18399"],"data":"0x0000000000000000000000000000000000000000033b2e3c9fd0803ce8000000","blockHash":"0xb260c856775fa22f6d723bed409a9fedd69bc073ec3bba039766f2f17459747b","blockNumber":"0x845276","blockTimestamp":"0x68645fc4","transactionHash":"0x9b2eacfe9d24a6d1fae03324a438885560e76dc5df67c090b1b8015f30815449","transactionIndex":"0x192","logIndex":"0x20c","removed":false}]
logsBloom            0x00000000000000000000000000000000000000000000000000000000000000000000000000000000000000000001000000000000000000000000000000200000000000000000000000000000000000000000000000000000000000000000000000000000000008000000000000000000000000000000000000000000100000000000000000000000200000000000000000000000000000000000000000000000020000000004000000000000000000000000000000000000000000000000000000000000000000000000000000000000000000000000000000000000000000000010000000000000000001000100010000000000000000000000000000001000
root
status               1 (success)
transactionHash      0x9b2eacfe9d24a6d1fae03324a438885560e76dc5df67c090b1b8015f30815449
transactionIndex     402
type                 2
blobGasPrice
blobGasUsed
to                   0x49D5a52D9c5301b23060B9de151654d2cB0F125e
Approval complete.
--- approve_tokens.sh finished ---
"Approval complete."
