--- Running approve_funds_collector_for_claim.sh ---
Loading contract addresses from .env_addresses...
Funds Collector (Owner: 0xD9e210961cEdB706fC68C4ba98A845e7c98e3430) approving itself to spend BUSD for claim operations...

blockHash            0x63c905385dc58482c9ea9521abf69630203710ca2f1f2f0fc88e0dca7e22f861
blockNumber          8671906
contractAddress
cumulativeGasUsed    16195646
effectiveGasPrice    2807136588
from                 0xD9e210961cEdB706fC68C4ba98A845e7c98e3430
gasUsed              46900
logs                 [{"address":"0x49d5a52d9c5301b23060b9de151654d2cb0f125e","topics":["0x8c5be1e5ebec7d5bd14f71427d1e84f3dd0314c0f7b2291e5b200ac8c7c3b925","0x000000000000000000000000d9e210961cedb706fc68c4ba98a845e7c98e3430","0x000000000000000000000000d9e210961cedb706fc68c4ba98a845e7c98e3430"],"data":"0x0000000000000000000000000000000000000000033b2e3c9fd0803ce8000000","blockHash":"0x63c905385dc58482c9ea9521abf69630203710ca2f1f2f0fc88e0dca7e22f861","blockNumber":"0x8452a2","blockTimestamp":"0x686461e0","transactionHash":"0x5cadfd29941f43f321ed86140681f1936274c21a2ff4d31ccd568da94395e5ce","transactionIndex":"0x134","logIndex":"0x186","removed":false}]
logsBloom            0x00000000000000000000000000000000001000000000000000000000000000000000020000000000000000000001000000000000000000000000000000200000000000000000000000000000000000000000000000000000000000000000000000000000000008000000000000000000000000000000000000000000000000000000000000000000000000000000000000000000000000000000000000000000020000000000000000000000000080000000000000000000000000000000000000000000000000000000000000000000000000000000000000000000000000000010000000000000000000000000010000000000000000000000000000000000
root
status               1 (success)
transactionHash      0x5cadfd29941f43f321ed86140681f1936274c21a2ff4d31ccd568da94395e5ce
transactionIndex     308
type                 2
blobGasPrice
blobGasUsed
to                   0x49D5a52D9c5301b23060B9de151654d2cB0F125e
Funds Collector approval for claim complete.
--- approve_funds_collector_for_claim.sh finished ---


Second run:
$ ./approve_funds_collector_for_claim.sh 
--- Running approve_funds_collector_for_claim.sh ---
Loading contract addresses from .env_addresses...
Funds Collector (Owner: 0xD9e210961cEdB706fC68C4ba98A845e7c98e3430) approving itself to spend BUSD for claim operations...

blockHash            0xc9b3fb6375aff338325d183db3595326b3aede745bdbd1312a5d95d097519769
blockNumber          8671973
contractAddress
cumulativeGasUsed    10524808
effectiveGasPrice    2270565943
from                 0xD9e210961cEdB706fC68C4ba98A845e7c98e3430
gasUsed              27000
logs                 [{"address":"0x49d5a52d9c5301b23060b9de151654d2cb0f125e","topics":["0x8c5be1e5ebec7d5bd14f71427d1e84f3dd0314c0f7b2291e5b200ac8c7c3b925","0x000000000000000000000000d9e210961cedb706fc68c4ba98a845e7c98e3430","0x000000000000000000000000d9e210961cedb706fc68c4ba98a845e7c98e3430"],"data":"0x0000000000000000000000000000000000000000033b2e3c9fd0803ce8000000","blockHash":"0xc9b3fb6375aff338325d183db3595326b3aede745bdbd1312a5d95d097519769","blockNumber":"0x8452e5","blockTimestamp":"0x68646510","transactionHash":"0x0303af699f769096a1ab22df26bd787197d4a6c239277fec834bd4dec1c40ab6","transactionIndex":"0x94","logIndex":"0xe9","removed":false}]
logsBloom            0x00000000000000000000000000000000001000000000000000000000000000000000020000000000000000000001000000000000000000000000000000200000000000000000000000000000000000000000000000000000000000000000000000000000000008000000000000000000000000000000000000000000000000000000000000000000000000000000000000000000000000000000000000000000020000000000000000000000000080000000000000000000000000000000000000000000000000000000000000000000000000000000000000000000000000000010000000000000000000000000010000000000000000000000000000000000
root
status               1 (success)
transactionHash      0x0303af699f769096a1ab22df26bd787197d4a6c239277fec834bd4dec1c40ab6
transactionIndex     148
type                 2
blobGasPrice
blobGasUsed
to                   0x49D5a52D9c5301b23060B9de151654d2cB0F125e
Funds Collector (Owner: 0xD9e210961cEdB706fC68C4ba98A845e7c98e3430) approving 0xD27450EF7D7A21B8Bf7b4F21270329b5A6e843d2 to spend BUSD for claim operations...

blockHash            0xe29f815ebad568528cac991bb5dd1f562b8dc7af3cbd34e85c148cb766f92335
blockNumber          8671975
contractAddress
cumulativeGasUsed    18755208
effectiveGasPrice    2403590816
from                 0xD9e210961cEdB706fC68C4ba98A845e7c98e3430
gasUsed              46900
logs                 [{"address":"0x49d5a52d9c5301b23060b9de151654d2cb0f125e","topics":["0x8c5be1e5ebec7d5bd14f71427d1e84f3dd0314c0f7b2291e5b200ac8c7c3b925","0x000000000000000000000000d9e210961cedb706fc68c4ba98a845e7c98e3430","0x000000000000000000000000d27450ef7d7a21b8bf7b4f21270329b5a6e843d2"],"data":"0x0000000000000000000000000000000000000000033b2e3c9fd0803ce8000000","blockHash":"0xe29f815ebad568528cac991bb5dd1f562b8dc7af3cbd34e85c148cb766f92335","blockNumber":"0x8452e7","blockTimestamp":"0x68646528","transactionHash":"0x48d03851eb55c2fd4cc73fc4eee1cc72f8c5868b399e95968ff1032a451887b5","transactionIndex":"0xdc","logIndex":"0x15f","removed":false}]
logsBloom            0x00000000000000000000000000000000001000000000000000000000000000000000020000000000000000000001000000000000000000000000000000200000000000000000000000000000000000000000000000000000000000000000000000000000000008000000000000000000000000000000000000000000000000000000000000000000000000000000000000000000000000000000000000000000020000000004000000000000000080000000000000000000000000000000000000000000000000000000000000000000000000000000000000000000000000000010000000000000000001000000010000000000000000000000000000001000
root
status               1 (success)
transactionHash      0x48d03851eb55c2fd4cc73fc4eee1cc72f8c5868b399e95968ff1032a451887b5
transactionIndex     220
type                 2
blobGasPrice
blobGasUsed
to                   0x49D5a52D9c5301b23060B9de151654d2cB0F125e
Funds Collector approval for claim complete.
--- approve_funds_collector_for_claim.sh finished ---

Third call:
$ ./approve_funds_collector_for_claim.sh
--- Running approve_funds_collector_for_claim.sh ---
Loading contract addresses from .env_addresses...
Funds Collector (Owner: 0xD9e210961cEdB706fC68C4ba98A845e7c98e3430) approving itself to spend BUSD for claim operations...

blockHash            0xbca58c17c6bfca144dea12c21701eb19c812336cecbfb3197b08aa3d2e8b9ddd
blockNumber          8672182
contractAddress
cumulativeGasUsed    10406494
effectiveGasPrice    1077099872
from                 0xD9e210961cEdB706fC68C4ba98A845e7c98e3430
gasUsed              27000
logs                 [{"address":"0x49d5a52d9c5301b23060b9de151654d2cb0f125e","topics":["0x8c5be1e5ebec7d5bd14f71427d1e84f3dd0314c0f7b2291e5b200ac8c7c3b925","0x000000000000000000000000d9e210961cedb706fc68c4ba98a845e7c98e3430","0x000000000000000000000000d9e210961cedb706fc68c4ba98a845e7c98e3430"],"data":"0x0000000000000000000000000000000000000000033b2e3c9fd0803ce8000000","blockHash":"0xbca58c17c6bfca144dea12c21701eb19c812336cecbfb3197b08aa3d2e8b9ddd","blockNumber":"0x8453b6","blockTimestamp":"0x68646f0c","transactionHash":"0xe706f30d08f7f70543b093a374917e18bc166a1d89e63997984adedcd36ffd79","transactionIndex":"0xa8","logIndex":"0xc2","removed":false}]
logsBloom            0x00000000000000000000000000000000001000000000000000000000000000000000020000000000000000000001000000000000000000000000000000200000000000000000000000000000000000000000000000000000000000000000000000000000000008000000000000000000000000000000000000000000000000000000000000000000000000000000000000000000000000000000000000000000020000000000000000000000000080000000000000000000000000000000000000000000000000000000000000000000000000000000000000000000000000000010000000000000000000000000010000000000000000000000000000000000
root
status               1 (success)
transactionHash      0xe706f30d08f7f70543b093a374917e18bc166a1d89e63997984adedcd36ffd79
transactionIndex     168
type                 2
blobGasPrice
blobGasUsed
to                   0x49D5a52D9c5301b23060B9de151654d2cB0F125e

blockHash            0x9e0797aaad3d8dc119983300567babe9a5fff010c70cd7154256872602e787c9
blockNumber          8672183
contractAddress
cumulativeGasUsed    18124753
effectiveGasPrice    1030178398
from                 0xD9e210961cEdB706fC68C4ba98A845e7c98e3430
gasUsed              47176
logs                 [{"address":"0x49d5a52d9c5301b23060b9de151654d2cb0f125e","topics":["0x8c5be1e5ebec7d5bd14f71427d1e84f3dd0314c0f7b2291e5b200ac8c7c3b925","0x000000000000000000000000d9e210961cedb706fc68c4ba98a845e7c98e3430","0x000000000000000000000000a070c9cccf2fda36b2bfe1903a7705abe2a18399"],"data":"0xffffffffffffffffffffffffffffffffffffffffffffffffffffffffffffffff","blockHash":"0x9e0797aaad3d8dc119983300567babe9a5fff010c70cd7154256872602e787c9","blockNumber":"0x8453b7","blockTimestamp":"0x68646f18","transactionHash":"0xb792c27a42ec9d32618b657956f29569f4bfe93c43e14ff8aaa954fbad13ade4","transactionIndex":"0x113","logIndex":"0x1ad","removed":false}]
logsBloom            0x00000000000000000000000000000000001000000000000000000000000000000000020000000000000000000001000000000000000000000000000000200000000000000000000000000000000000000000000000000000000000000000000000000000000008000000000000000000000000000000000000000000100000000000000000000000200000000000000000000000000000000000000000000000020000000000000000000000000080000000000000000000000000000000000000000000000000000000000000000000000000000000000000000000000000000010000000000000000000000100010000000000000000000000000000000000
root
status               1 (success)
transactionHash      0xb792c27a42ec9d32618b657956f29569f4bfe93c43e14ff8aaa954fbad13ade4
transactionIndex     275
type                 2
blobGasPrice
blobGasUsed
to                   0x49D5a52D9c5301b23060B9de151654d2cB0F125e
--- approve_funds_collector_for_claim.sh finished ---