Using SEPOLIA_RPC_URL=https://eth-sepolia.g.alchemy.com/v2/h9iWxMtfrvNHrD4L1VL6pjv3GNnPWpKz
./makefile_scripts/buy.sh 1000000000000000000  1  2000000000000000000
--- Running buy.sh ---
Loading contract addresses from .env_addresses...
Simulating buy operation by 0xf1F0d1072b23275FF616FF0C2Db67cA659aD5F15...

blockHash            0xe3414e3b2a9fd09d4650f834ccef68167f31fd74fed55cbe962a2654f4688c11
blockNumber          8679123
contractAddress
cumulativeGasUsed    29772200
effectiveGasPrice    13186914
from                 0xf1F0d1072b23275FF616FF0C2Db67cA659aD5F15
gasUsed              227572
logs                 [{"address":"0xa070c9cccf2fda36b2bfe1903a7705abe2a18399","topics":["0xddf252ad1be2c89b69c2b068fc378daa952ba7f163c4a11628f55a4df523b3ef","0x0000000000000000000000000000000000000000000000000000000000000000","0x000000000000000000000000f1f0d1072b23275ff616ff0c2db67ca659ad5f15","0x0000000000000000000000000000000000000000000000000000000000000002"],"data":"0x","blockHash":"0xe3414e3b2a9fd09d4650f834ccef68167f31fd74fed55cbe962a2654f4688c11","blockNumber":"0x846ed3","blockTimestamp":"0x6865b534","transactionHash":"0x1876a294172fa058f67048ce9d3f13356d642a01d37aa58ceb0d5803b888336b","transactionIndex":"0x16d","logIndex":"0x198","removed":false},{"address":"0xa070c9cccf2fda36b2bfe1903a7705abe2a18399","topics":["0x1cbc5ab135991bd2b6a4b034a04aa2aa086dac1371cb9b16b8b5e2ed6b036bed","0x000000000000000000000000f1f0d1072b23275ff616ff0c2db67ca659ad5f15","0x0000000000000000000000000000000000000000000000000000000000000002"],"data":"0x0000000000000000000000000000000000000000000000000de0b6b3a7640000","blockHash":"0xe3414e3b2a9fd09d4650f834ccef68167f31fd74fed55cbe962a2654f4688c11","blockNumber":"0x846ed3","blockTimestamp":"0x6865b534","transactionHash":"0x1876a294172fa058f67048ce9d3f13356d642a01d37aa58ceb0d5803b888336b","transactionIndex":"0x16d","logIndex":"0x199","removed":false},{"address":"0x49d5a52d9c5301b23060b9de151654d2cb0f125e","topics":["0x8c5be1e5ebec7d5bd14f71427d1e84f3dd0314c0f7b2291e5b200ac8c7c3b925","0x000000000000000000000000f1f0d1072b23275ff616ff0c2db67ca659ad5f15","0x000000000000000000000000a070c9cccf2fda36b2bfe1903a7705abe2a18399"],"data":"0x0000000000000000000000000000000000000000033b2e3c83eb8be329770000","blockHash":"0xe3414e3b2a9fd09d4650f834ccef68167f31fd74fed55cbe962a2654f4688c11","blockNumber":"0x846ed3","blockTimestamp":"0x6865b534","transactionHash":"0x1876a294172fa058f67048ce9d3f13356d642a01d37aa58ceb0d5803b888336b","transactionIndex":"0x16d","logIndex":"0x19a","removed":false},{"address":"0x49d5a52d9c5301b23060b9de151654d2cb0f125e","topics":["0xddf252ad1be2c89b69c2b068fc378daa952ba7f163c4a11628f55a4df523b3ef","0x000000000000000000000000f1f0d1072b23275ff616ff0c2db67ca659ad5f15","0x000000000000000000000000d9e210961cedb706fc68c4ba98a845e7c98e3430"],"data":"0x0000000000000000000000000000000000000000000000000de0b6b3a7640000","blockHash":"0xe3414e3b2a9fd09d4650f834ccef68167f31fd74fed55cbe962a2654f4688c11","blockNumber":"0x846ed3","blockTimestamp":"0x6865b534","transactionHash":"0x1876a294172fa058f67048ce9d3f13356d642a01d37aa58ceb0d5803b888336b","transactionIndex":"0x16d","logIndex":"0x19b","removed":false},{"address":"0x49d5a52d9c5301b23060b9de151654d2cb0f125e","topics":["0x8c5be1e5ebec7d5bd14f71427d1e84f3dd0314c0f7b2291e5b200ac8c7c3b925","0x000000000000000000000000f1f0d1072b23275ff616ff0c2db67ca659ad5f15","0x000000000000000000000000a070c9cccf2fda36b2bfe1903a7705abe2a18399"],"data":"0x0000000000000000000000000000000000000000033b2e3c83c804f0b9b60000","blockHash":"0xe3414e3b2a9fd09d4650f834ccef68167f31fd74fed55cbe962a2654f4688c11","blockNumber":"0x846ed3","blockTimestamp":"0x6865b534","transactionHash":"0x1876a294172fa058f67048ce9d3f13356d642a01d37aa58ceb0d5803b888336b","transactionIndex":"0x16d","logIndex":"0x19c","removed":false},{"address":"0x49d5a52d9c5301b23060b9de151654d2cb0f125e","topics":["0xddf252ad1be2c89b69c2b068fc378daa952ba7f163c4a11628f55a4df523b3ef","0x000000000000000000000000f1f0d1072b23275ff616ff0c2db67ca659ad5f15","0x000000000000000000000000d9e210961cedb706fc68c4ba98a845e7c98e3430"],"data":"0x000000000000000000000000000000000000000000000000002386f26fc10000","blockHash":"0xe3414e3b2a9fd09d4650f834ccef68167f31fd74fed55cbe962a2654f4688c11","blockNumber":"0x846ed3","blockTimestamp":"0x6865b534","transactionHash":"0x1876a294172fa058f67048ce9d3f13356d642a01d37aa58ceb0d5803b888336b","transactionIndex":"0x16d","logIndex":"0x19d","removed":false}]
logsBloom            0x04000000000000000000000000000000001000000000000000000000000000000000020200000000000000000001000000000000000000000000000000200000000000000000000000000008000000000000000000000000000000000000000000000000020008000000000000000800000000000000010020000010100000000000000000000000200000000000400000000000000000000200000000000000020000000400000040000100000080000000000000000000000001000000000000000002000000000000000000000000000000000000000000000000000020000010000010000000000000000100010000000000008000000000000000000000
root
status               1 (success)
transactionHash      0x1876a294172fa058f67048ce9d3f13356d642a01d37aa58ceb0d5803b888336b
transactionIndex     365
type                 2
blobGasPrice
blobGasUsed
to                   0xA070C9cCCF2fda36b2bfe1903a7705aBe2A18399
Buy transaction sent. You'll need to find the minted tokenId to proceed with 'put_on_sale'.
Check the transaction on Etherscan for the 'Buy' event, or query contract's totalSupply() and ownerOf(latest_id).
--- buy.sh finished ---
"Buy transaction sent. You'll need to find the minted tokenId to proceed with 'put_on_sale'."
"Check the transaction on Etherscan for the 'Buy' event, or query contract's totalSupply() and ownerOf(latest_id)."