Using SEPOLIA_RPC_URL=https://eth-sepolia.g.alchemy.com/v2/h9iWxMtfrvNHrD4L1VL6pjv3GNnPWpKz
Using BUYER_ADDRESS=0xD9e210961cEdB706fC68C4ba98A845e7c98e3430
Using BUYER_ADDRESS=0xf1F0d1072b23275FF616FF0C2Db67cA659aD5F15
Using TRADER_ADDRESS=0xD27450EF7D7A21B8Bf7b4F21270329b5A6e843d2
"Loading addresses from .env_addresses..."
./buy_from_trader.sh 1000000000000000000  1  2000000000000000000 
--- Running buy.sh ---
Loading contract addresses from .env_addresses...
Simulating buy operation by 0xD27450EF7D7A21B8Bf7b4F21270329b5A6e843d2...

blockHash            0xdc5d076725d5c9db6dd268ccdf1824c9886cf1dd1d9f2a5477840146393c51f6
blockNumber          8671778
contractAddress
cumulativeGasUsed    38831312
effectiveGasPrice    2621211190
from                 0xD27450EF7D7A21B8Bf7b4F21270329b5A6e843d2
gasUsed              227572
logs                 [{"address":"0xa070c9cccf2fda36b2bfe1903a7705abe2a18399","topics":["0xddf252ad1be2c89b69c2b068fc378daa952ba7f163c4a11628f55a4df523b3ef","0x0000000000000000000000000000000000000000000000000000000000000000","0x000000000000000000000000d27450ef7d7a21b8bf7b4f21270329b5a6e843d2","0x0000000000000000000000000000000000000000000000000000000000000001"],"data":"0x","blockHash":"0xdc5d076725d5c9db6dd268ccdf1824c9886cf1dd1d9f2a5477840146393c51f6","blockNumber":"0x845222","blockTimestamp":"0x68645bb0","transactionHash":"0xe1bb03b7b475dc9b5e96c9235f869d631eed4324b6bfa1528910946a6bbcb9f8","transactionIndex":"0x20e","logIndex":"0x2ef","removed":false},{"address":"0xa070c9cccf2fda36b2bfe1903a7705abe2a18399","topics":["0x1cbc5ab135991bd2b6a4b034a04aa2aa086dac1371cb9b16b8b5e2ed6b036bed","0x000000000000000000000000d27450ef7d7a21b8bf7b4f21270329b5a6e843d2","0x0000000000000000000000000000000000000000000000000000000000000001"],"data":"0x0000000000000000000000000000000000000000000000000de0b6b3a7640000","blockHash":"0xdc5d076725d5c9db6dd268ccdf1824c9886cf1dd1d9f2a5477840146393c51f6","blockNumber":"0x845222","blockTimestamp":"0x68645bb0","transactionHash":"0xe1bb03b7b475dc9b5e96c9235f869d631eed4324b6bfa1528910946a6bbcb9f8","transactionIndex":"0x20e","logIndex":"0x2f0","removed":false},{"address":"0x49d5a52d9c5301b23060b9de151654d2cb0f125e","topics":["0x8c5be1e5ebec7d5bd14f71427d1e84f3dd0314c0f7b2291e5b200ac8c7c3b925","0x000000000000000000000000d27450ef7d7a21b8bf7b4f21270329b5a6e843d2","0x000000000000000000000000a070c9cccf2fda36b2bfe1903a7705abe2a18399"],"data":"0x0000000000000000000000000000000000000000033b2e3c91efc989409c0000","blockHash":"0xdc5d076725d5c9db6dd268ccdf1824c9886cf1dd1d9f2a5477840146393c51f6","blockNumber":"0x845222","blockTimestamp":"0x68645bb0","transactionHash":"0xe1bb03b7b475dc9b5e96c9235f869d631eed4324b6bfa1528910946a6bbcb9f8","transactionIndex":"0x20e","logIndex":"0x2f1","removed":false},{"address":"0x49d5a52d9c5301b23060b9de151654d2cb0f125e","topics":["0xddf252ad1be2c89b69c2b068fc378daa952ba7f163c4a11628f55a4df523b3ef","0x000000000000000000000000d27450ef7d7a21b8bf7b4f21270329b5a6e843d2","0x000000000000000000000000d9e210961cedb706fc68c4ba98a845e7c98e3430"],"data":"0x0000000000000000000000000000000000000000000000000de0b6b3a7640000","blockHash":"0xdc5d076725d5c9db6dd268ccdf1824c9886cf1dd1d9f2a5477840146393c51f6","blockNumber":"0x845222","blockTimestamp":"0x68645bb0","transactionHash":"0xe1bb03b7b475dc9b5e96c9235f869d631eed4324b6bfa1528910946a6bbcb9f8","transactionIndex":"0x20e","logIndex":"0x2f2","removed":false},{"address":"0x49d5a52d9c5301b23060b9de151654d2cb0f125e","topics":["0x8c5be1e5ebec7d5bd14f71427d1e84f3dd0314c0f7b2291e5b200ac8c7c3b925","0x000000000000000000000000d27450ef7d7a21b8bf7b4f21270329b5a6e843d2","0x000000000000000000000000a070c9cccf2fda36b2bfe1903a7705abe2a18399"],"data":"0x0000000000000000000000000000000000000000033b2e3c91cc4296d0db0000","blockHash":"0xdc5d076725d5c9db6dd268ccdf1824c9886cf1dd1d9f2a5477840146393c51f6","blockNumber":"0x845222","blockTimestamp":"0x68645bb0","transactionHash":"0xe1bb03b7b475dc9b5e96c9235f869d631eed4324b6bfa1528910946a6bbcb9f8","transactionIndex":"0x20e","logIndex":"0x2f3","removed":false},{"address":"0x49d5a52d9c5301b23060b9de151654d2cb0f125e","topics":["0xddf252ad1be2c89b69c2b068fc378daa952ba7f163c4a11628f55a4df523b3ef","0x000000000000000000000000d27450ef7d7a21b8bf7b4f21270329b5a6e843d2","0x000000000000000000000000d9e210961cedb706fc68c4ba98a845e7c98e3430"],"data":"0x000000000000000000000000000000000000000000000000002386f26fc10000","blockHash":"0xdc5d076725d5c9db6dd268ccdf1824c9886cf1dd1d9f2a5477840146393c51f6","blockNumber":"0x845222","blockTimestamp":"0x68645bb0","transactionHash":"0xe1bb03b7b475dc9b5e96c9235f869d631eed4324b6bfa1528910946a6bbcb9f8","transactionIndex":"0x20e","logIndex":"0x2f4","removed":false}]
logsBloom            0x00000000000000000000000000000000001000000000000000000000000000000000020200000000000000000001000000000000000000000000000000240000000000000000000000000008000000000000000000040000000000000000000000000000020008000000000000000800000000000000000000000010100000000000000000000000200000000000400000000000000000000200000000000000020000000404000040000000000080000000000000000000000001000000000000000002000000000000000000000000000000000000000000000000000060000010000000000000000001000100010000000000000000000000000000001000
root
status               1 (success)
transactionHash      0xe1bb03b7b475dc9b5e96c9235f869d631eed4324b6bfa1528910946a6bbcb9f8
transactionIndex     526
type                 2
blobGasPrice
blobGasUsed
to                   0xA070C9cCCF2fda36b2bfe1903a7705aBe2A18399
Buy transaction sent. You'll need to find the minted tokenId to proceed with 'put_on_sale'.
Check the transaction on Etherscan for the 'Buy' event, or query contract's totalSupply() and ownerOf(latest_id).
--- buy.sh finished ---
"Buy transaction sent. You'll need to find the minted tokenId to proceed with 'put_on_sale'."
"Check the transaction on Etherscan for the 'Buy' event, or query contract's totalSupply() and ownerOf(latest_id)."