Using SEPOLIA_RPC_URL=https://eth-sepolia.g.alchemy.com/v2/h9iWxMtfrvNHrD4L1VL6pjv3GNnPWpKz
Using OWNER_ADDRESS=0xD9e210961cEdB706fC68C4ba98A845e7c98e3430
Using BUYER_ADDRESS=0xf1F0d1072b23275FF616FF0C2Db67cA659aD5F15
Using TRADER_ADDRESS=0xD27450EF7D7A21B8Bf7b4F21270329b5A6e843d2
./claim.sh
--- Running claim.sh ---
Loading contract addresses from .env_addresses...
Enter the tokenId to claim (must be owned by the Trader): 1
Simulating claim operation for tokenId 1 by Trader (0xD27450EF7D7A21B8Bf7b4F21270329b5A6e843d2)...

blockHash            0xcdd6a791581c8a40c8e7836b467fb112f5c6f9526190e63b247ca9af2a4db261
blockNumber          8672185
contractAddress
cumulativeGasUsed    10380552
effectiveGasPrice    1123663962
from                 0xD27450EF7D7A21B8Bf7b4F21270329b5A6e843d2
gasUsed              93733
logs                 [{"address":"0xa070c9cccf2fda36b2bfe1903a7705abe2a18399","topics":["0xddf252ad1be2c89b69c2b068fc378daa952ba7f163c4a11628f55a4df523b3ef","0x000000000000000000000000d27450ef7d7a21b8bf7b4f21270329b5a6e843d2","0x0000000000000000000000000000000000000000000000000000000000000000","0x0000000000000000000000000000000000000000000000000000000000000001"],"data":"0x","blockHash":"0xcdd6a791581c8a40c8e7836b467fb112f5c6f9526190e63b247ca9af2a4db261","blockNumber":"0x8453b9","blockTimestamp":"0x68646f30","transactionHash":"0x03e9e3ae098511dab11569e7287dc25b7637f838cc07aa4242e8aa80b0ea8b70","transactionIndex":"0x82","logIndex":"0xb4","removed":false},{"address":"0xa070c9cccf2fda36b2bfe1903a7705abe2a18399","topics":["0x47cee97cb7acd717b3c0aa1435d004cd5b3c8c57d70dbceb4e4458bbd60e39d4","0x000000000000000000000000d27450ef7d7a21b8bf7b4f21270329b5a6e843d2","0x0000000000000000000000000000000000000000000000000000000000000001"],"data":"0x","blockHash":"0xcdd6a791581c8a40c8e7836b467fb112f5c6f9526190e63b247ca9af2a4db261","blockNumber":"0x8453b9","blockTimestamp":"0x68646f30","transactionHash":"0x03e9e3ae098511dab11569e7287dc25b7637f838cc07aa4242e8aa80b0ea8b70","transactionIndex":"0x82","logIndex":"0xb5","removed":false},{"address":"0x49d5a52d9c5301b23060b9de151654d2cb0f125e","topics":["0xddf252ad1be2c89b69c2b068fc378daa952ba7f163c4a11628f55a4df523b3ef","0x000000000000000000000000d9e210961cedb706fc68c4ba98a845e7c98e3430","0x000000000000000000000000d27450ef7d7a21b8bf7b4f21270329b5a6e843d2"],"data":"0x0000000000000000000000000000000000000000000000000de0b6b3a7640000","blockHash":"0xcdd6a791581c8a40c8e7836b467fb112f5c6f9526190e63b247ca9af2a4db261","blockNumber":"0x8453b9","blockTimestamp":"0x68646f30","transactionHash":"0x03e9e3ae098511dab11569e7287dc25b7637f838cc07aa4242e8aa80b0ea8b70","transactionIndex":"0x82","logIndex":"0xb6","removed":false}]
logsBloom            0x00000000000000000000000000000000001000000000000000000000000000000000020000000000000000000001000000000010000000000100000000040000000000000000000000000008000000000000000000040000000000000000000000000000020008000000000000000800000000000000000000000010000000000000000000000000000000000000400000000000000000000200000000000000000000000004000000000000000080000000000000020000000001000000000000000002000000000000000000000000000000000000000000000000000060000000000000000000000001000000010000000000000000000000000000001000
root
status               1 (success)
transactionHash      0x03e9e3ae098511dab11569e7287dc25b7637f838cc07aa4242e8aa80b0ea8b70
transactionIndex     130
type                 2
blobGasPrice
blobGasUsed
to                   0xA070C9cCCF2fda36b2bfe1903a7705aBe2A18399
Claim transaction sent for tokenId 1.
--- claim.sh finished ---
"Claim operation complete. The NFT has been burned and its value reclaimed."