Using SEPOLIA_RPC_URL=https://eth-sepolia.g.alchemy.com/v2/h9iWxMtfrvNHrD4L1VL6pjv3GNnPWpKz
"Configuring CCNFT contract..."
./config.sh
--- Running configure.sh ---
Loading contract addresses from .env_addresses...
Configuring CCNFT contract at 0xA070C9cCCF2fda36b2bfe1903a7705aBe2A18399 (Owner: 0xD9e210961cEdB706fC68C4ba98A845e7c98e3430)...
Setting BUSD token address for funds...

blockHash            0xcefc64bfc890ad2b06a750d5f42b1562ba9e771f01ca884d56853bd254c3e0b8
blockNumber          8657581
contractAddress
cumulativeGasUsed    16473593
effectiveGasPrice    1441054
from                 0xD9e210961cEdB706fC68C4ba98A845e7c98e3430
gasUsed              26627
logs                 []
logsBloom            0x00000000000000000000000000000000000000000000000000000000000000000000000000000000000000000000000000000000000000000000000000000000000000000000000000000000000000000000000000000000000000000000000000000000000000000000000000000000000000000000000000000000000000000000000000000000000000000000000000000000000000000000000000000000000000000000000000000000000000000000000000000000000000000000000000000000000000000000000000000000000000000000000000000000000000000000000000000000000000000000000000000000000000000000000000000000
root
status               1 (success)
transactionHash      0xac8360be047b2c18be0bffa4b05d3668962c7aea8243032d4d3cb6d413a28587
transactionIndex     160
type                 2
blobGasPrice
blobGasUsed
to                   0xA070C9cCCF2fda36b2bfe1903a7705aBe2A18399
Setting funds and fees collectors (to owner address for simplicity)...

blockHash            0x46854cf49ca60703717c8717e2ffb4e544bf1f1fee80bff2aff75f140a53d534
blockNumber          8657582
contractAddress
cumulativeGasUsed    22718526
effectiveGasPrice    1437655
from                 0xD9e210961cEdB706fC68C4ba98A845e7c98e3430
gasUsed              26553
logs                 []
logsBloom            0x00000000000000000000000000000000000000000000000000000000000000000000000000000000000000000000000000000000000000000000000000000000000000000000000000000000000000000000000000000000000000000000000000000000000000000000000000000000000000000000000000000000000000000000000000000000000000000000000000000000000000000000000000000000000000000000000000000000000000000000000000000000000000000000000000000000000000000000000000000000000000000000000000000000000000000000000000000000000000000000000000000000000000000000000000000000
root
status               1 (success)
transactionHash      0xde525fecba68d950e8a600b3eb5159a506f2f593da6b9656d10709c2bd641b61
transactionIndex     178
type                 2
blobGasPrice
blobGasUsed
to                   0xA070C9cCCF2fda36b2bfe1903a7705aBe2A18399

blockHash            0xf418c81b10229c37f88537c3dcade7eea1ba7a411af4e02fa06a1be491b92ab0
blockNumber          8657583
contractAddress
cumulativeGasUsed    22355804
effectiveGasPrice    1432994
from                 0xD9e210961cEdB706fC68C4ba98A845e7c98e3430
gasUsed              26488
logs                 []
logsBloom            0x00000000000000000000000000000000000000000000000000000000000000000000000000000000000000000000000000000000000000000000000000000000000000000000000000000000000000000000000000000000000000000000000000000000000000000000000000000000000000000000000000000000000000000000000000000000000000000000000000000000000000000000000000000000000000000000000000000000000000000000000000000000000000000000000000000000000000000000000000000000000000000000000000000000000000000000000000000000000000000000000000000000000000000000000000000000
root
status               1 (success)
transactionHash      0xb5bd96455e169c9dca801f7227beba33506330acf5662d4a909e65ec698dc57b
transactionIndex     143
type                 2
blobGasPrice
blobGasUsed
to                   0xA070C9cCCF2fda36b2bfe1903a7705aBe2A18399
Enabling buy, claim, trade functionalities...

blockHash            0x5b4ef4b140ab9f0c9b1c088b145eb2c7500ee4f734134ecd88919b32dfe5d61f
blockNumber          8657584
contractAddress
cumulativeGasUsed    20172307
effectiveGasPrice    1430702
from                 0xD9e210961cEdB706fC68C4ba98A845e7c98e3430
gasUsed              26302
logs                 []
logsBloom            0x00000000000000000000000000000000000000000000000000000000000000000000000000000000000000000000000000000000000000000000000000000000000000000000000000000000000000000000000000000000000000000000000000000000000000000000000000000000000000000000000000000000000000000000000000000000000000000000000000000000000000000000000000000000000000000000000000000000000000000000000000000000000000000000000000000000000000000000000000000000000000000000000000000000000000000000000000000000000000000000000000000000000000000000000000000000
root
status               1 (success)
transactionHash      0x93073d34d8a29a79ca7da6450692be0e0bd6e9db9c3e53a5740e351bfaec8c46
transactionIndex     166
type                 2
blobGasPrice
blobGasUsed
to                   0xA070C9cCCF2fda36b2bfe1903a7705aBe2A18399

blockHash            0x6c676b6858feb1fbd89dabacc1faef1b07f0e5aa139b4747f7cb4b6f7a059243
blockNumber          8657585
contractAddress
cumulativeGasUsed    15492503
effectiveGasPrice    1457853
from                 0xD9e210961cEdB706fC68C4ba98A845e7c98e3430
gasUsed              26322
logs                 []
logsBloom            0x00000000000000000000000000000000000000000000000000000000000000000000000000000000000000000000000000000000000000000000000000000000000000000000000000000000000000000000000000000000000000000000000000000000000000000000000000000000000000000000000000000000000000000000000000000000000000000000000000000000000000000000000000000000000000000000000000000000000000000000000000000000000000000000000000000000000000000000000000000000000000000000000000000000000000000000000000000000000000000000000000000000000000000000000000000000
root
status               1 (success)
transactionHash      0x6d956f0573cd0c27a25288b9c667b75e270bab0caebbde9fc302dbab5afc51e8
transactionIndex     138
type                 2
blobGasPrice
blobGasUsed
to                   0xA070C9cCCF2fda36b2bfe1903a7705aBe2A18399

blockHash            0x11e91eeb24fc31506caf0b02e6b9dd47cd38c1baace5feaddb40a8aa505d3f4e
blockNumber          8657586
contractAddress
cumulativeGasUsed    18304236
effectiveGasPrice    1498594
from                 0xD9e210961cEdB706fC68C4ba98A845e7c98e3430
gasUsed              26324
logs                 []
logsBloom            0x00000000000000000000000000000000000000000000000000000000000000000000000000000000000000000000000000000000000000000000000000000000000000000000000000000000000000000000000000000000000000000000000000000000000000000000000000000000000000000000000000000000000000000000000000000000000000000000000000000000000000000000000000000000000000000000000000000000000000000000000000000000000000000000000000000000000000000000000000000000000000000000000000000000000000000000000000000000000000000000000000000000000000000000000000000000
root
status               1 (success)
transactionHash      0x16bb348781762f7ff8e6f5af1c56e7bc420e2eb9f273e3459b6e953618e2c0d9
transactionIndex     157
type                 2
blobGasPrice
blobGasUsed
to                   0xA070C9cCCF2fda36b2bfe1903a7705aBe2A18399
Setting max value to raise (a very large number) and adding a valid NFT value...

blockHash            0xbe5f4c4dd268442b40bbf0d87a355dfdc9bda299c8184bc74e24222473f7953f
blockNumber          8657587
contractAddress
cumulativeGasUsed    14878248
effectiveGasPrice    1488788
from                 0xD9e210961cEdB706fC68C4ba98A845e7c98e3430
gasUsed              26221
logs                 []
logsBloom            0x00000000000000000000000000000000000000000000000000000000000000000000000000000000000000000000000000000000000000000000000000000000000000000000000000000000000000000000000000000000000000000000000000000000000000000000000000000000000000000000000000000000000000000000000000000000000000000000000000000000000000000000000000000000000000000000000000000000000000000000000000000000000000000000000000000000000000000000000000000000000000000000000000000000000000000000000000000000000000000000000000000000000000000000000000000000
root
status               1 (success)
transactionHash      0x069cbbf054901cc0c413af2926184d8654c4ad351da00208da8508ae072e58b3
transactionIndex     139
type                 2
blobGasPrice
blobGasUsed
to                   0xA070C9cCCF2fda36b2bfe1903a7705aBe2A18399

blockHash            0xc001e9957f330bcd8c4332bb7cd7a75eccf5559ce67cbf68023cd8d2e30f15a2
blockNumber          8657588
contractAddress
cumulativeGasUsed    13537440
effectiveGasPrice    1467378
from                 0xD9e210961cEdB706fC68C4ba98A845e7c98e3430
gasUsed              26357
logs                 []
logsBloom            0x00000000000000000000000000000000000000000000000000000000000000000000000000000000000000000000000000000000000000000000000000000000000000000000000000000000000000000000000000000000000000000000000000000000000000000000000000000000000000000000000000000000000000000000000000000000000000000000000000000000000000000000000000000000000000000000000000000000000000000000000000000000000000000000000000000000000000000000000000000000000000000000000000000000000000000000000000000000000000000000000000000000000000000000000000000000
root
status               1 (success)
transactionHash      0x8731f98eb735791da87ea6872b7b92a34eaf8091eb62683822b05e15a472579c
transactionIndex     136
type                 2
blobGasPrice
blobGasUsed
to                   0xA070C9cCCF2fda36b2bfe1903a7705aBe2A18399
Setting batch count and transaction fees...

blockHash            0xf34bc308268883d8a83b80cd21262ff16afcbe162ba28fd7da04b76982d38ca1
blockNumber          8657589
contractAddress
cumulativeGasUsed    18927687
effectiveGasPrice    1466429
from                 0xD9e210961cEdB706fC68C4ba98A845e7c98e3430
gasUsed              26301
logs                 []
logsBloom            0x00000000000000000000000000000000000000000000000000000000000000000000000000000000000000000000000000000000000000000000000000000000000000000000000000000000000000000000000000000000000000000000000000000000000000000000000000000000000000000000000000000000000000000000000000000000000000000000000000000000000000000000000000000000000000000000000000000000000000000000000000000000000000000000000000000000000000000000000000000000000000000000000000000000000000000000000000000000000000000000000000000000000000000000000000000000
root
status               1 (success)
transactionHash      0x296d8d59a223d1ec803ac78425f56be61e26ff40af9be70b29b81fc79bd8b057
transactionIndex     151
type                 2
blobGasPrice
blobGasUsed
to                   0xA070C9cCCF2fda36b2bfe1903a7705aBe2A18399

blockHash            0xc5262700df415cd13701e1e123fdf9d95fd0d52df142e59d737babdf3d5b4a02
blockNumber          8657590
contractAddress
cumulativeGasUsed    18166970
effectiveGasPrice    1499226
from                 0xD9e210961cEdB706fC68C4ba98A845e7c98e3430
gasUsed              29006
logs                 []
logsBloom            0x00000000000000000000000000000000000000000000000000000000000000000000000000000000000000000000000000000000000000000000000000000000000000000000000000000000000000000000000000000000000000000000000000000000000000000000000000000000000000000000000000000000000000000000000000000000000000000000000000000000000000000000000000000000000000000000000000000000000000000000000000000000000000000000000000000000000000000000000000000000000000000000000000000000000000000000000000000000000000000000000000000000000000000000000000000000
root
status               1 (success)
transactionHash      0xb815fc7dec73a20637670a274f6ddc3ecbc6b46d4ea871e48f6fdb3761b68bc4
transactionIndex     145
type                 2
blobGasPrice
blobGasUsed
to                   0xA070C9cCCF2fda36b2bfe1903a7705aBe2A18399

blockHash            0xa776d2cdc94f7b7423baef3697ad67d9b2136879a1f12a19f228ed29966803e1
blockNumber          8657591
contractAddress
cumulativeGasUsed    15553790
effectiveGasPrice    1486351
from                 0xD9e210961cEdB706fC68C4ba98A845e7c98e3430
gasUsed              29056
logs                 []
logsBloom            0x00000000000000000000000000000000000000000000000000000000000000000000000000000000000000000000000000000000000000000000000000000000000000000000000000000000000000000000000000000000000000000000000000000000000000000000000000000000000000000000000000000000000000000000000000000000000000000000000000000000000000000000000000000000000000000000000000000000000000000000000000000000000000000000000000000000000000000000000000000000000000000000000000000000000000000000000000000000000000000000000000000000000000000000000000000000
root
status               1 (success)
transactionHash      0x81217798023e5c744229dd48f4646d2417d11331061e8f03485b2fcc3f16105b
transactionIndex     144
type                 2
blobGasPrice
blobGasUsed
to                   0xA070C9cCCF2fda36b2bfe1903a7705aBe2A18399

blockHash            0x4e1c1d2cd7d0a963c9dfc946880e80ea1a8024e8b24ab66ffe7c79faacea888e
blockNumber          8657592
contractAddress
cumulativeGasUsed    15691706
effectiveGasPrice    1524384
from                 0xD9e210961cEdB706fC68C4ba98A845e7c98e3430
gasUsed              26310
logs                 []
logsBloom            0x00000000000000000000000000000000000000000000000000000000000000000000000000000000000000000000000000000000000000000000000000000000000000000000000000000000000000000000000000000000000000000000000000000000000000000000000000000000000000000000000000000000000000000000000000000000000000000000000000000000000000000000000000000000000000000000000000000000000000000000000000000000000000000000000000000000000000000000000000000000000000000000000000000000000000000000000000000000000000000000000000000000000000000000000000000000
root
status               1 (success)
transactionHash      0x2597b963fea33860609eaa6ab810c5379281dd28147307152aea78eb691523d4
transactionIndex     141
type                 2
blobGasPrice
blobGasUsed
to                   0xA070C9cCCF2fda36b2bfe1903a7705aBe2A18399
CCNFT configuration complete.
--- configure.sh finished ---
"CCNFT configuration complete."
