Using SEPOLIA_RPC_URL=https://eth-sepolia.g.alchemy.com/v2/h9iWxMtfrvNHrD4L1VL6pjv3GNnPWpKz
Using BUYER_ADDRESS=0xD9e210961cEdB706fC68C4ba98A845e7c98e3430
Using BUYER_ADDRESS=0xf1F0d1072b23275FF616FF0C2Db67cA659aD5F15
Using TRADER_ADDRESS=0xD27450EF7D7A21B8Bf7b4F21270329b5A6e843d2
"Loading addresses from .env_addresses..."
./fund_accounts.sh
--- Running fund_accounts.sh ---
Loading contract addresses from .env_addresses...
Funding buyer (0xf1F0d1072b23275FF616FF0C2Db67cA659aD5F15) with BUSD tokens...

blockHash            0x197b9069c1dc5cacd96be6c3b6fc77aa473d7addf4359ba71b8086196a54dcd7
blockNumber          8657797
contractAddress
cumulativeGasUsed    15811941
effectiveGasPrice    1973143
from                 0xD9e210961cEdB706fC68C4ba98A845e7c98e3430
gasUsed              52180
logs                 [{"address":"0x49d5a52d9c5301b23060b9de151654d2cb0f125e","topics":["0xddf252ad1be2c89b69c2b068fc378daa952ba7f163c4a11628f55a4df523b3ef","0x000000000000000000000000d9e210961cedb706fc68c4ba98a845e7c98e3430","0x000000000000000000000000f1f0d1072b23275ff616ff0c2db67ca659ad5f15"],"data":"0x0000000000000000000000000000000000000000000000056bc75e2d63100000","blockHash":"0x197b9069c1dc5cacd96be6c3b6fc77aa473d7addf4359ba71b8086196a54dcd7","blockNumber":"0x841b85","blockTimestamp":"0x6861c8dc","transactionHash":"0x4fb53a76fd0dfe79635d98e14b59a3008254bc581434ef5e0fd91d232eb491f9","transactionIndex":"0x94","logIndex":"0xe2","removed":false}]    
logsBloom            0x00000000000000000000000000000000001000000000000000000000000000000000020000000000000000000001000000000000000000000000000000000000000000000000000000000008000000000000000000000000000000000000000000000000000008000000000000000000000000000000010020000010000000000000000000000000000000000000000000000000000000000000000000000000000000000000000000000000000080000000000000000000000000000000000000000002000000000000000000000000000000000000000000000000000000000000000010000000000000000000010000000000000000000000000000000000
root
status               1 (success)
transactionHash      0x4fb53a76fd0dfe79635d98e14b59a3008254bc581434ef5e0fd91d232eb491f9
transactionIndex     148
type                 2
blobGasPrice
blobGasUsed
to                   0x49D5a52D9c5301b23060B9de151654d2cB0F125e
Buyer funded with 100 BUSD tokens.
--- fund_accounts.sh finished ---
"Fund accounts complete."