Using SEPOLIA_RPC_URL=https://eth-sepolia.g.alchemy.com/v2/h9iWxMtfrvNHrD4L1VL6pjv3GNnPWpKz
Using OWNER_ADDRESS=0xD9e210961cEdB706fC68C4ba98A845e7c98e3430
Using BUYER_ADDRESS=0xf1F0d1072b23275FF616FF0C2Db67cA659aD5F15
Using TRADER_ADDRESS=0xD27450EF7D7A21B8Bf7b4F21270329b5A6e843d2
"Loading addresses from .env_addresses..."
./put_on_sale.sh 2000000000000000000
--- Running put_on_sale.sh ---
Loading contract addresses from .env_addresses...
Enter the tokenId to put on sale (e.g., from the previous 'buy' operation): 0
Simulating putOnSale operation for tokenId 0 by 0xf1F0d1072b23275FF616FF0C2Db67cA659aD5F15...

blockHash            0xf7028ba5c4e552081c06ef10ba061a4cf8c1634e2609a3037c943a07a8620754
blockNumber          8671766
contractAddress
cumulativeGasUsed    17166410
effectiveGasPrice    4019867002
from                 0xf1F0d1072b23275FF616FF0C2Db67cA659aD5F15
gasUsed              37867
logs                 [{"address":"0xa070c9cccf2fda36b2bfe1903a7705abe2a18399","topics":["0x7c11ba8301c87f8a6d59779bcbe2b7446e865bd1a4359a69e5c400212e0a5795","0x0000000000000000000000000000000000000000000000000000000000000000"],"data":"0x0000000000000000000000000000000000000000000000001bc16d674ec80000","blockHash":"0xf7028ba5c4e552081c06ef10ba061a4cf8c1634e2609a3037c943a07a8620754","blockNumber":"0x845216","blockTimestamp":"0x68645b14","transactionHash":"0xb9faab2cfdd9964ac43d7ea1989b44e2f8c9b8de604c87938e1972b9a1729529","transactionIndex":"0x117","logIndex":"0x166","removed":false}]       
logsBloom            0x00000000000000000000000000000000000000000000000000000000000000000000000000000000000000000000000000000000000000000000000000000000000000000000000000000000000000000000000100000000000000000000000000000000020000000000000000000800000000000000000000000000000000000000000000000000000000000000400000000000000000000200000000200000000000000000000000000000000000000000000000000000000001000000000000000000000000000000000200000000000000000000000000000000000020000000000000000000000000000000000000000000000000000000000000000000
root
status               1 (success)
transactionHash      0xb9faab2cfdd9964ac43d7ea1989b44e2f8c9b8de604c87938e1972b9a1729529
transactionIndex     279
type                 2
blobGasPrice
blobGasUsed
to                   0xA070C9cCCF2fda36b2bfe1903a7705aBe2A18399
Put on sale transaction sent for tokenId 0.
--- put_on_sale.sh finished ---
"Put on sale operation complete. The NFT is now available for trade."