--- Running trade.sh ---
Loading contract addresses from .env_addresses...
Enter the tokenId to trade (must be currently 'On Sale'): 0
Simulating trade operation for tokenId 0 by 0xD27450EF7D7A21B8Bf7b4F21270329b5A6e843d2...

blockHash            0x87e48e375e4c4eae4c8a4510b2ef56d8d31d817f5a7582639ec816947ef7934c
blockNumber          8672424
contractAddress
cumulativeGasUsed    24797837
effectiveGasPrice    19484135
from                 0xD27450EF7D7A21B8Bf7b4F21270329b5A6e843d2
gasUsed              111852
logs                 [{"address":"0x49d5a52d9c5301b23060b9de151654d2cb0f125e","topics":["0xddf252ad1be2c89b69c2b068fc378daa952ba7f163c4a11628f55a4df523b3ef","0x000000000000000000000000d27450ef7d7a21b8bf7b4f21270329b5a6e843d2","0x000000000000000000000000f1f0d1072b23275ff616ff0c2db67ca659ad5f15"],"data":"0x0000000000000000000000000000000000000000000000001bc16d674ec80000","blockHash":"0x87e48e375e4c4eae4c8a4510b2ef56d8d31d817f5a7582639ec816947ef7934c","blockNumber":"0x8454a8","blockTimestamp":"0x68647a88","transactionHash":"0xbca378f8cc6be97b5236f4e3f488f30ada3016402654b81257a6123d9e9c4897","transactionIndex":"0x156","logIndex":"0x184","removed":false},{"address":"0x49d5a52d9c5301b23060b9de151654d2cb0f125e","topics":["0xddf252ad1be2c89b69c2b068fc378daa952ba7f163c4a11628f55a4df523b3ef","0x000000000000000000000000d27450ef7d7a21b8bf7b4f21270329b5a6e843d2","0x000000000000000000000000d9e210961cedb706fc68c4ba98a845e7c98e3430"],"data":"0x0000000000000000000000000000000000000000000000000011c37937e08000","blockHash":"0x87e48e375e4c4eae4c8a4510b2ef56d8d31d817f5a7582639ec816947ef7934c","blockNumber":"0x8454a8","blockTimestamp":"0x68647a88","transactionHash":"0xbca378f8cc6be97b5236f4e3f488f30ada3016402654b81257a6123d9e9c4897","transactionIndex":"0x156","logIndex":"0x185","removed":false},{"address":"0xa070c9cccf2fda36b2bfe1903a7705abe2a18399","topics":["0x4b5796113f074ebf8f11d5bcdeb6349b2fbe47abed78419cdcdbbc15c6fcf845","0x000000000000000000000000d27450ef7d7a21b8bf7b4f21270329b5a6e843d2","0x000000000000000000000000f1f0d1072b23275ff616ff0c2db67ca659ad5f15","0x0000000000000000000000000000000000000000000000000000000000000000"],"data":"0x0000000000000000000000000000000000000000000000001bc16d674ec80000","blockHash":"0x87e48e375e4c4eae4c8a4510b2ef56d8d31d817f5a7582639ec816947ef7934c","blockNumber":"0x8454a8","blockTimestamp":"0x68647a88","transactionHash":"0xbca378f8cc6be97b5236f4e3f488f30ada3016402654b81257a6123d9e9c4897","transactionIndex":"0x156","logIndex":"0x186","removed":false},{"address":"0xa070c9cccf2fda36b2bfe1903a7705abe2a18399","topics":["0xddf252ad1be2c89b69c2b068fc378daa952ba7f163c4a11628f55a4df523b3ef","0x000000000000000000000000f1f0d1072b23275ff616ff0c2db67ca659ad5f15","0x000000000000000000000000d27450ef7d7a21b8bf7b4f21270329b5a6e843d2","0x0000000000000000000000000000000000000000000000000000000000000000"],"data":"0x","blockHash":"0x87e48e375e4c4eae4c8a4510b2ef56d8d31d817f5a7582639ec816947ef7934c","blockNumber":"0x8454a8","blockTimestamp":"0x68647a88","transactionHash":"0xbca378f8cc6be97b5236f4e3f488f30ada3016402654b81257a6123d9e9c4897","transactionIndex":"0x156","logIndex":"0x187","removed":false}]
logsBloom            0x00000000000000000000000000001000001000000000000000000000000000000000020000000000000000000001000000000000000000000000000000000000000000000000000000000008000000000000000000000000000000000000000000000000020008000000000000000800000000000000010020000010000000000000000000000000000000000000400000000000000000000200000000000000000000000004000000000000000080000000000000000000000001000000000000000002000000000000000000000000000000000000000000000000000420000000000010000000000001000000010000000000000000000000000000001000
root
status               1 (success)
transactionHash      0xbca378f8cc6be97b5236f4e3f488f30ada3016402654b81257a6123d9e9c4897
transactionIndex     342
type                 2
blobGasPrice
blobGasUsed
to                   0xA070C9cCCF2fda36b2bfe1903a7705aBe2A18399
Trade transaction sent for tokenId 0.
--- trade.sh finished ---
"Trade operation complete. The NFT has been transferred to the trader."